Analysis & Synthesis report for course
Tue Apr 23 13:52:03 2019
Quartus II Version 9.1 Build 222 10/21/2009 SJ Web Edition


---------------------
; Table of Contents ;
---------------------
  1. Legal Notice
  2. Analysis & Synthesis Summary
  3. Analysis & Synthesis Settings
  4. Parallel Compilation
  5. Analysis & Synthesis Source Files Read
  6. Analysis & Synthesis Resource Usage Summary
  7. Analysis & Synthesis Resource Utilization by Entity
  8. General Register Statistics
  9. Multiplexer Restructuring Statistics (Restructuring Performed)
 10. Source assignments for SP:inst7|lpm_counter:lpm_counter_component
 11. Parameter Settings for User Entity Instance: lpm_bustri_10:inst21|lpm_bustri:lpm_bustri_component
 12. Parameter Settings for User Entity Instance: stack_mux:inst18|LPM_MUX:lpm_mux_component
 13. Parameter Settings for User Entity Instance: Stack_register:inst6|lpm_ff:lpm_ff_component
 14. Parameter Settings for User Entity Instance: lpm_bustri_8:inst17|lpm_bustri:lpm_bustri_component
 15. Parameter Settings for User Entity Instance: Stack_decoder:inst8|lpm_decode:lpm_decode_component
 16. Parameter Settings for User Entity Instance: SP:inst7|lpm_counter:lpm_counter_component
 17. Parameter Settings for User Entity Instance: updown_mux:inst13|LPM_MUX:lpm_mux_component
 18. Parameter Settings for User Entity Instance: init_const:inst11|lpm_constant:lpm_constant_component
 19. Parameter Settings for User Entity Instance: Stack_register:inst5|lpm_ff:lpm_ff_component
 20. Parameter Settings for User Entity Instance: Stack_register:inst4|lpm_ff:lpm_ff_component
 21. Parameter Settings for User Entity Instance: Stack_register:inst3|lpm_ff:lpm_ff_component
 22. Parameter Settings for User Entity Instance: Stack_register:inst2|lpm_ff:lpm_ff_component
 23. Parameter Settings for User Entity Instance: Stack_register:inst1|lpm_ff:lpm_ff_component
 24. Parameter Settings for User Entity Instance: Stack_register:inst|lpm_ff:lpm_ff_component
 25. Parameter Settings for User Entity Instance: SP_POP:inst23|lpm_add_sub:lpm_add_sub_component
 26. Analysis & Synthesis Messages



----------------
; Legal Notice ;
----------------
Copyright (C) 1991-2009 Altera Corporation
Your use of Altera Corporation's design tools, logic functions 
and other software and tools, and its AMPP partner logic 
functions, and any output files from any of the foregoing 
(including device programming or simulation files), and any 
associated documentation or information are expressly subject 
to the terms and conditions of the Altera Program License 
Subscription Agreement, Altera MegaCore Function License 
Agreement, or other applicable license agreement, including, 
without limitation, that your use is for the sole purpose of 
programming logic devices manufactured by Altera and sold by 
Altera or its authorized distributors.  Please refer to the 
applicable agreement for further details.



+-------------------------------------------------------------------------+
; Analysis & Synthesis Summary                                            ;
+-------------------------------+-----------------------------------------+
; Analysis & Synthesis Status   ; Successful - Tue Apr 23 13:52:03 2019   ;
; Quartus II Version            ; 9.1 Build 222 10/21/2009 SJ Web Edition ;
; Revision Name                 ; course                                  ;
; Top-level Entity Name         ; Stack                                   ;
; Family                        ; Stratix II                              ;
; Logic utilization             ; N/A                                     ;
;     Combinational ALUTs       ; 40                                      ;
;     Dedicated logic registers ; 73                                      ;
; Total registers               ; 73                                      ;
; Total pins                    ; 69                                      ;
; Total virtual pins            ; 0                                       ;
; Total block memory bits       ; 0                                       ;
; DSP block 9-bit elements      ; 0                                       ;
; Total PLLs                    ; 0                                       ;
; Total DLLs                    ; 0                                       ;
+-------------------------------+-----------------------------------------+


+----------------------------------------------------------------------------------------------------------------------+
; Analysis & Synthesis Settings                                                                                        ;
+----------------------------------------------------------------------------+--------------------+--------------------+
; Option                                                                     ; Setting            ; Default Value      ;
+----------------------------------------------------------------------------+--------------------+--------------------+
; Top-level entity name                                                      ; Stack              ; course             ;
; Family name                                                                ; Stratix II         ; Stratix II         ;
; Use Generated Physical Constraints File                                    ; Off                ;                    ;
; Use smart compilation                                                      ; Off                ; Off                ;
; Enable parallel Assembler and TimeQuest Timing Analyzer during compilation ; On                 ; On                 ;
; Enable compact report table                                                ; Off                ; Off                ;
; Restructure Multiplexers                                                   ; Auto               ; Auto               ;
; Create Debugging Nodes for IP Cores                                        ; Off                ; Off                ;
; Preserve fewer node names                                                  ; On                 ; On                 ;
; Disable OpenCore Plus hardware evaluation                                  ; Off                ; Off                ;
; Verilog Version                                                            ; Verilog_2001       ; Verilog_2001       ;
; VHDL Version                                                               ; VHDL_1993          ; VHDL_1993          ;
; State Machine Processing                                                   ; Auto               ; Auto               ;
; Safe State Machine                                                         ; Off                ; Off                ;
; Extract Verilog State Machines                                             ; On                 ; On                 ;
; Extract VHDL State Machines                                                ; On                 ; On                 ;
; Ignore Verilog initial constructs                                          ; Off                ; Off                ;
; Iteration limit for constant Verilog loops                                 ; 5000               ; 5000               ;
; Iteration limit for non-constant Verilog loops                             ; 250                ; 250                ;
; Add Pass-Through Logic to Inferred RAMs                                    ; On                 ; On                 ;
; Parallel Synthesis                                                         ; On                 ; On                 ;
; DSP Block Balancing                                                        ; Auto               ; Auto               ;
; NOT Gate Push-Back                                                         ; On                 ; On                 ;
; Power-Up Don't Care                                                        ; On                 ; On                 ;
; Remove Redundant Logic Cells                                               ; Off                ; Off                ;
; Remove Duplicate Registers                                                 ; On                 ; On                 ;
; Ignore CARRY Buffers                                                       ; Off                ; Off                ;
; Ignore CASCADE Buffers                                                     ; Off                ; Off                ;
; Ignore GLOBAL Buffers                                                      ; Off                ; Off                ;
; Ignore ROW GLOBAL Buffers                                                  ; Off                ; Off                ;
; Ignore LCELL Buffers                                                       ; Off                ; Off                ;
; Ignore SOFT Buffers                                                        ; On                 ; On                 ;
; Limit AHDL Integers to 32 Bits                                             ; Off                ; Off                ;
; Optimization Technique                                                     ; Balanced           ; Balanced           ;
; Carry Chain Length                                                         ; 70                 ; 70                 ;
; Auto Carry Chains                                                          ; On                 ; On                 ;
; Auto Open-Drain Pins                                                       ; On                 ; On                 ;
; Perform WYSIWYG Primitive Resynthesis                                      ; Off                ; Off                ;
; Auto ROM Replacement                                                       ; On                 ; On                 ;
; Auto RAM Replacement                                                       ; On                 ; On                 ;
; Auto DSP Block Replacement                                                 ; On                 ; On                 ;
; Auto Shift Register Replacement                                            ; Auto               ; Auto               ;
; Auto Clock Enable Replacement                                              ; On                 ; On                 ;
; Strict RAM Replacement                                                     ; Off                ; Off                ;
; Allow Synchronous Control Signals                                          ; On                 ; On                 ;
; Force Use of Synchronous Clear Signals                                     ; Off                ; Off                ;
; Auto RAM Block Balancing                                                   ; On                 ; On                 ;
; Auto RAM to Logic Cell Conversion                                          ; Off                ; Off                ;
; Auto Resource Sharing                                                      ; Off                ; Off                ;
; Allow Any RAM Size For Recognition                                         ; Off                ; Off                ;
; Allow Any ROM Size For Recognition                                         ; Off                ; Off                ;
; Allow Any Shift Register Size For Recognition                              ; Off                ; Off                ;
; Use LogicLock Constraints during Resource Balancing                        ; On                 ; On                 ;
; Ignore translate_off and synthesis_off directives                          ; Off                ; Off                ;
; Timing-Driven Synthesis                                                    ; Off                ; Off                ;
; Show Parameter Settings Tables in Synthesis Report                         ; On                 ; On                 ;
; Ignore Maximum Fan-Out Assignments                                         ; Off                ; Off                ;
; Synchronization Register Chain Length                                      ; 2                  ; 2                  ;
; PowerPlay Power Optimization                                               ; Normal compilation ; Normal compilation ;
; HDL message level                                                          ; Level2             ; Level2             ;
; Suppress Register Optimization Related Messages                            ; Off                ; Off                ;
; Number of Removed Registers Reported in Synthesis Report                   ; 100                ; 100                ;
; Number of Inverted Registers Reported in Synthesis Report                  ; 100                ; 100                ;
; Clock MUX Protection                                                       ; On                 ; On                 ;
; Auto Gated Clock Conversion                                                ; Off                ; Off                ;
; Block Design Naming                                                        ; Auto               ; Auto               ;
; SDC constraint protection                                                  ; Off                ; Off                ;
; Synthesis Effort                                                           ; Auto               ; Auto               ;
; Shift Register Replacement - Allow Asynchronous Clear Signal               ; On                 ; On                 ;
; Analysis & Synthesis Message Level                                         ; Medium             ; Medium             ;
; Disable Register Merging Across Hierarchies                                ; Auto               ; Auto               ;
; Resource Aware Inference For Block RAM                                     ; On                 ; On                 ;
+----------------------------------------------------------------------------+--------------------+--------------------+


Parallel compilation was disabled, but you have multiple processors available. Enable parallel compilation to reduce compilation time.
+-------------------------------------+
; Parallel Compilation                ;
+----------------------------+--------+
; Processors                 ; Number ;
+----------------------------+--------+
; Number detected on machine ; 2      ;
; Maximum allowed            ; 1      ;
+----------------------------+--------+


+-----------------------------------------------------------------------------------------------------------------------------------------------+
; Analysis & Synthesis Source Files Read                                                                                                        ;
+----------------------------------+-----------------+------------------------------------+-----------------------------------------------------+
; File Name with User-Entered Path ; Used in Netlist ; File Type                          ; File Name with Absolute Path                        ;
+----------------------------------+-----------------+------------------------------------+-----------------------------------------------------+
; Stack.bdf                        ; yes             ; User Block Diagram/Schematic File  ; D:/3 курс/курсач СиФО/course_qw/Stack.bdf           ;
; lpm_bustri_10.vhd                ; yes             ; User Wizard-Generated File         ; D:/3 курс/курсач СиФО/course_qw/lpm_bustri_10.vhd   ;
; Stack_register.vhd               ; yes             ; User Wizard-Generated File         ; D:/3 курс/курсач СиФО/course_qw/Stack_register.vhd  ;
; SP.vhd                           ; yes             ; User Wizard-Generated File         ; D:/3 курс/курсач СиФО/course_qw/SP.vhd              ;
; Stack_decoder.vhd                ; yes             ; User Wizard-Generated File         ; D:/3 курс/курсач СиФО/course_qw/Stack_decoder.vhd   ;
; init_const.vhd                   ; yes             ; User Wizard-Generated File         ; D:/3 курс/курсач СиФО/course_qw/init_const.vhd      ;
; updown_mux.vhd                   ; yes             ; User Wizard-Generated File         ; D:/3 курс/курсач СиФО/course_qw/updown_mux.vhd      ;
; lpm_bustri_8.vhd                 ; yes             ; User Wizard-Generated File         ; D:/3 курс/курсач СиФО/course_qw/lpm_bustri_8.vhd    ;
; stack_mux.vhd                    ; yes             ; User Wizard-Generated File         ; D:/3 курс/курсач СиФО/course_qw/stack_mux.vhd       ;
; SP_POP.vhd                       ; yes             ; User Wizard-Generated File         ; D:/3 курс/курсач СиФО/course_qw/SP_POP.vhd          ;
; lpm_bustri.tdf                   ; yes             ; Megafunction                       ; d:/quartus/libraries/megafunctions/lpm_bustri.tdf   ;
; lpm_mux.tdf                      ; yes             ; Megafunction                       ; d:/quartus/libraries/megafunctions/lpm_mux.tdf      ;
; db/mux_p5e.tdf                   ; yes             ; Auto-Generated Megafunction        ; D:/3 курс/курсач СиФО/course_qw/db/mux_p5e.tdf      ;
; lpm_ff.tdf                       ; yes             ; Megafunction                       ; d:/quartus/libraries/megafunctions/lpm_ff.tdf       ;
; lpm_decode.tdf                   ; yes             ; Megafunction                       ; d:/quartus/libraries/megafunctions/lpm_decode.tdf   ;
; db/decode_u7f.tdf                ; yes             ; Auto-Generated Megafunction        ; D:/3 курс/курсач СиФО/course_qw/db/decode_u7f.tdf   ;
; lpm_counter.tdf                  ; yes             ; Megafunction                       ; d:/quartus/libraries/megafunctions/lpm_counter.tdf  ;
; db/cntr_vbh.tdf                  ; yes             ; Auto-Generated Megafunction        ; D:/3 курс/курсач СиФО/course_qw/db/cntr_vbh.tdf     ;
; db/mux_44e.tdf                   ; yes             ; Auto-Generated Megafunction        ; D:/3 курс/курсач СиФО/course_qw/db/mux_44e.tdf      ;
; lpm_constant.tdf                 ; yes             ; Megafunction                       ; d:/quartus/libraries/megafunctions/lpm_constant.tdf ;
; lpm_add_sub.tdf                  ; yes             ; Megafunction                       ; d:/quartus/libraries/megafunctions/lpm_add_sub.tdf  ;
; db/add_sub_toh.tdf               ; yes             ; Auto-Generated Megafunction        ; D:/3 курс/курсач СиФО/course_qw/db/add_sub_toh.tdf  ;
+----------------------------------+-----------------+------------------------------------+-----------------------------------------------------+


+------------------------------------------------------------------------------------------------------------------------------+
; Analysis & Synthesis Resource Usage Summary                                                                                  ;
+-----------------------------------------------+------------------------------------------------------------------------------+
; Resource                                      ; Usage                                                                        ;
+-----------------------------------------------+------------------------------------------------------------------------------+
; Estimated ALUTs Used                          ; 40                                                                           ;
; Dedicated logic registers                     ; 73                                                                           ;
;                                               ;                                                                              ;
; Estimated ALUTs Unavailable                   ; 4                                                                            ;
;                                               ;                                                                              ;
; Total combinational functions                 ; 40                                                                           ;
; Combinational ALUT usage by number of inputs  ;                                                                              ;
;     -- 7 input functions                      ; 4                                                                            ;
;     -- 6 input functions                      ; 4                                                                            ;
;     -- 5 input functions                      ; 18                                                                           ;
;     -- 4 input functions                      ; 0                                                                            ;
;     -- <=3 input functions                    ; 14                                                                           ;
;                                               ;                                                                              ;
; Combinational ALUTs by mode                   ;                                                                              ;
;     -- normal mode                            ; 33                                                                           ;
;     -- extended LUT mode                      ; 4                                                                            ;
;     -- arithmetic mode                        ; 3                                                                            ;
;     -- shared arithmetic mode                 ; 0                                                                            ;
;                                               ;                                                                              ;
; Estimated ALUT/register pairs used            ; 107                                                                          ;
;                                               ;                                                                              ;
; Total registers                               ; 73                                                                           ;
;     -- Dedicated logic registers              ; 73                                                                           ;
;     -- I/O registers                          ; 0                                                                            ;
;                                               ;                                                                              ;
; Estimated ALMs:  partially or completely used ; 54                                                                           ;
;                                               ;                                                                              ;
; I/O pins                                      ; 69                                                                           ;
; Maximum fan-out node                          ; SP:inst7|lpm_counter:lpm_counter_component|cntr_vbh:auto_generated|safe_q[0] ;
; Maximum fan-out                               ; 33                                                                           ;
; Total fan-out                                 ; 394                                                                          ;
; Average fan-out                               ; 2.16                                                                         ;
+-----------------------------------------------+------------------------------------------------------------------------------+


+-------------------------------------------------------------------------------------------------------------------------------------------------------------------------------------------------------------------------------------------------------------------------------+
; Analysis & Synthesis Resource Utilization by Entity                                                                                                                                                                                                                           ;
+-------------------------------------------+-------------------+--------------+-------------------+--------------+---------+-----------+-----------+------+--------------+--------------------------------------------------------------------------------------+--------------+
; Compilation Hierarchy Node                ; LC Combinationals ; LC Registers ; Block Memory Bits ; DSP Elements ; DSP 9x9 ; DSP 18x18 ; DSP 36x36 ; Pins ; Virtual Pins ; Full Hierarchy Name                                                                  ; Library Name ;
+-------------------------------------------+-------------------+--------------+-------------------+--------------+---------+-----------+-----------+------+--------------+--------------------------------------------------------------------------------------+--------------+
; |Stack                                    ; 40 (1)            ; 73 (0)       ; 0                 ; 0            ; 0       ; 0         ; 0         ; 69   ; 0            ; |Stack                                                                               ; work         ;
;    |SP:inst7|                             ; 3 (0)             ; 3 (0)        ; 0                 ; 0            ; 0       ; 0         ; 0         ; 0    ; 0            ; |Stack|SP:inst7                                                                      ; work         ;
;       |lpm_counter:lpm_counter_component| ; 3 (0)             ; 3 (0)        ; 0                 ; 0            ; 0       ; 0         ; 0         ; 0    ; 0            ; |Stack|SP:inst7|lpm_counter:lpm_counter_component                                    ; work         ;
;          |cntr_vbh:auto_generated|        ; 3 (3)             ; 3 (3)        ; 0                 ; 0            ; 0       ; 0         ; 0         ; 0    ; 0            ; |Stack|SP:inst7|lpm_counter:lpm_counter_component|cntr_vbh:auto_generated            ; work         ;
;    |SP_POP:inst23|                        ; 2 (0)             ; 0 (0)        ; 0                 ; 0            ; 0       ; 0         ; 0         ; 0    ; 0            ; |Stack|SP_POP:inst23                                                                 ; work         ;
;       |lpm_add_sub:lpm_add_sub_component| ; 2 (0)             ; 0 (0)        ; 0                 ; 0            ; 0       ; 0         ; 0         ; 0    ; 0            ; |Stack|SP_POP:inst23|lpm_add_sub:lpm_add_sub_component                               ; work         ;
;          |add_sub_toh:auto_generated|     ; 2 (2)             ; 0 (0)        ; 0                 ; 0            ; 0       ; 0         ; 0         ; 0    ; 0            ; |Stack|SP_POP:inst23|lpm_add_sub:lpm_add_sub_component|add_sub_toh:auto_generated    ;              ;
;    |Stack_decoder:inst8|                  ; 7 (0)             ; 0 (0)        ; 0                 ; 0            ; 0       ; 0         ; 0         ; 0    ; 0            ; |Stack|Stack_decoder:inst8                                                           ; work         ;
;       |lpm_decode:lpm_decode_component|   ; 7 (0)             ; 0 (0)        ; 0                 ; 0            ; 0       ; 0         ; 0         ; 0    ; 0            ; |Stack|Stack_decoder:inst8|lpm_decode:lpm_decode_component                           ; work         ;
;          |decode_u7f:auto_generated|      ; 7 (7)             ; 0 (0)        ; 0                 ; 0            ; 0       ; 0         ; 0         ; 0    ; 0            ; |Stack|Stack_decoder:inst8|lpm_decode:lpm_decode_component|decode_u7f:auto_generated ; work         ;
;    |Stack_register:inst1|                 ; 0 (0)             ; 10 (0)       ; 0                 ; 0            ; 0       ; 0         ; 0         ; 0    ; 0            ; |Stack|Stack_register:inst1                                                          ; work         ;
;       |lpm_ff:lpm_ff_component|           ; 0 (0)             ; 10 (10)      ; 0                 ; 0            ; 0       ; 0         ; 0         ; 0    ; 0            ; |Stack|Stack_register:inst1|lpm_ff:lpm_ff_component                                  ; work         ;
;    |Stack_register:inst2|                 ; 0 (0)             ; 10 (0)       ; 0                 ; 0            ; 0       ; 0         ; 0         ; 0    ; 0            ; |Stack|Stack_register:inst2                                                          ; work         ;
;       |lpm_ff:lpm_ff_component|           ; 0 (0)             ; 10 (10)      ; 0                 ; 0            ; 0       ; 0         ; 0         ; 0    ; 0            ; |Stack|Stack_register:inst2|lpm_ff:lpm_ff_component                                  ; work         ;
;    |Stack_register:inst3|                 ; 0 (0)             ; 10 (0)       ; 0                 ; 0            ; 0       ; 0         ; 0         ; 0    ; 0            ; |Stack|Stack_register:inst3                                                          ; work         ;
;       |lpm_ff:lpm_ff_component|           ; 0 (0)             ; 10 (10)      ; 0                 ; 0            ; 0       ; 0         ; 0         ; 0    ; 0            ; |Stack|Stack_register:inst3|lpm_ff:lpm_ff_component                                  ; work         ;
;    |Stack_register:inst4|                 ; 0 (0)             ; 10 (0)       ; 0                 ; 0            ; 0       ; 0         ; 0         ; 0    ; 0            ; |Stack|Stack_register:inst4                                                          ; work         ;
;       |lpm_ff:lpm_ff_component|           ; 0 (0)             ; 10 (10)      ; 0                 ; 0            ; 0       ; 0         ; 0         ; 0    ; 0            ; |Stack|Stack_register:inst4|lpm_ff:lpm_ff_component                                  ; work         ;
;    |Stack_register:inst5|                 ; 0 (0)             ; 10 (0)       ; 0                 ; 0            ; 0       ; 0         ; 0         ; 0    ; 0            ; |Stack|Stack_register:inst5                                                          ; work         ;
;       |lpm_ff:lpm_ff_component|           ; 0 (0)             ; 10 (10)      ; 0                 ; 0            ; 0       ; 0         ; 0         ; 0    ; 0            ; |Stack|Stack_register:inst5|lpm_ff:lpm_ff_component                                  ; work         ;
;    |Stack_register:inst6|                 ; 0 (0)             ; 10 (0)       ; 0                 ; 0            ; 0       ; 0         ; 0         ; 0    ; 0            ; |Stack|Stack_register:inst6                                                          ; work         ;
;       |lpm_ff:lpm_ff_component|           ; 0 (0)             ; 10 (10)      ; 0                 ; 0            ; 0       ; 0         ; 0         ; 0    ; 0            ; |Stack|Stack_register:inst6|lpm_ff:lpm_ff_component                                  ; work         ;
;    |Stack_register:inst|                  ; 0 (0)             ; 10 (0)       ; 0                 ; 0            ; 0       ; 0         ; 0         ; 0    ; 0            ; |Stack|Stack_register:inst                                                           ; work         ;
;       |lpm_ff:lpm_ff_component|           ; 0 (0)             ; 10 (10)      ; 0                 ; 0            ; 0       ; 0         ; 0         ; 0    ; 0            ; |Stack|Stack_register:inst|lpm_ff:lpm_ff_component                                   ; work         ;
;    |stack_mux:inst18|                     ; 27 (0)            ; 0 (0)        ; 0                 ; 0            ; 0       ; 0         ; 0         ; 0    ; 0            ; |Stack|stack_mux:inst18                                                              ; work         ;
;       |lpm_mux:lpm_mux_component|         ; 27 (0)            ; 0 (0)        ; 0                 ; 0            ; 0       ; 0         ; 0         ; 0    ; 0            ; |Stack|stack_mux:inst18|lpm_mux:lpm_mux_component                                    ; work         ;
;          |mux_p5e:auto_generated|         ; 27 (27)           ; 0 (0)        ; 0                 ; 0            ; 0       ; 0         ; 0         ; 0    ; 0            ; |Stack|stack_mux:inst18|lpm_mux:lpm_mux_component|mux_p5e:auto_generated             ; work         ;
+-------------------------------------------+-------------------+--------------+-------------------+--------------+---------+-----------+-----------+------+--------------+--------------------------------------------------------------------------------------+--------------+
Note: For table entries with two numbers listed, the numbers in parentheses indicate the number of resources of the given type used by the specific entity alone. The numbers listed outside of parentheses indicate the total resources of the given type used by the specific entity and all of its sub-entities in the hierarchy.


+------------------------------------------------------+
; General Register Statistics                          ;
+----------------------------------------------+-------+
; Statistic                                    ; Value ;
+----------------------------------------------+-------+
; Total registers                              ; 73    ;
; Number of registers using Synchronous Clear  ; 0     ;
; Number of registers using Synchronous Load   ; 0     ;
; Number of registers using Asynchronous Clear ; 0     ;
; Number of registers using Asynchronous Load  ; 3     ;
; Number of registers using Clock Enable       ; 0     ;
; Number of registers using Preset             ; 0     ;
+----------------------------------------------+-------+


+-------------------------------------------------------------------------------------------------------------------------------------------------------------------------------------------------------------+
; Multiplexer Restructuring Statistics (Restructuring Performed)                                                                                                                                              ;
+--------------------+-----------+---------------+----------------------+------------------------+------------+-----------------------------------------------------------------------------------------------+
; Multiplexer Inputs ; Bus Width ; Baseline Area ; Area if Restructured ; Saving if Restructured ; Registered ; Example Multiplexer Output                                                                    ;
+--------------------+-----------+---------------+----------------------+------------------------+------------+-----------------------------------------------------------------------------------------------+
; 5:1                ; 10 bits   ; 30 ALUTs      ; 30 ALUTs             ; 0 ALUTs                ; No         ; |Stack|stack_mux:inst18|lpm_mux:lpm_mux_component|mux_p5e:auto_generated|l3_w9_n0_mux_dataout ;
+--------------------+-----------+---------------+----------------------+------------------------+------------+-----------------------------------------------------------------------------------------------+


+-------------------------------------------------------------------+
; Source assignments for SP:inst7|lpm_counter:lpm_counter_component ;
+---------------------------+-------+------+------------------------+
; Assignment                ; Value ; From ; To                     ;
+---------------------------+-------+------+------------------------+
; SUPPRESS_DA_RULE_INTERNAL ; a101  ; -    ; -                      ;
; SUPPRESS_DA_RULE_INTERNAL ; s102  ; -    ; -                      ;
; SUPPRESS_DA_RULE_INTERNAL ; s103  ; -    ; -                      ;
+---------------------------+-------+------+------------------------+


+---------------------------------------------------------------------------------------------------+
; Parameter Settings for User Entity Instance: lpm_bustri_10:inst21|lpm_bustri:lpm_bustri_component ;
+----------------+-------+--------------------------------------------------------------------------+
; Parameter Name ; Value ; Type                                                                     ;
+----------------+-------+--------------------------------------------------------------------------+
; LPM_WIDTH      ; 10    ; Signed Integer                                                           ;
+----------------+-------+--------------------------------------------------------------------------+
Note: In order to hide this table in the UI and the text report file, please set the "Show Parameter Settings Tables in Synthesis Report" option in "Analysis and Synthesis Settings -> More Settings" to "Off".


+-----------------------------------------------------------------------------------------+
; Parameter Settings for User Entity Instance: stack_mux:inst18|LPM_MUX:lpm_mux_component ;
+------------------------+------------+---------------------------------------------------+
; Parameter Name         ; Value      ; Type                                              ;
+------------------------+------------+---------------------------------------------------+
; AUTO_CARRY_CHAINS      ; ON         ; AUTO_CARRY                                        ;
; IGNORE_CARRY_BUFFERS   ; OFF        ; IGNORE_CARRY                                      ;
; AUTO_CASCADE_CHAINS    ; ON         ; AUTO_CASCADE                                      ;
; IGNORE_CASCADE_BUFFERS ; OFF        ; IGNORE_CASCADE                                    ;
; LPM_WIDTH              ; 10         ; Signed Integer                                    ;
; LPM_SIZE               ; 7          ; Signed Integer                                    ;
; LPM_WIDTHS             ; 3          ; Signed Integer                                    ;
; LPM_PIPELINE           ; 0          ; Signed Integer                                    ;
; CBXI_PARAMETER         ; mux_p5e    ; Untyped                                           ;
; DEVICE_FAMILY          ; Stratix II ; Untyped                                           ;
+------------------------+------------+---------------------------------------------------+
Note: In order to hide this table in the UI and the text report file, please set the "Show Parameter Settings Tables in Synthesis Report" option in "Analysis and Synthesis Settings -> More Settings" to "Off".


+-------------------------------------------------------------------------------------------+
; Parameter Settings for User Entity Instance: Stack_register:inst6|lpm_ff:lpm_ff_component ;
+------------------------+------------+-----------------------------------------------------+
; Parameter Name         ; Value      ; Type                                                ;
+------------------------+------------+-----------------------------------------------------+
; LPM_WIDTH              ; 10         ; Signed Integer                                      ;
; LPM_AVALUE             ; UNUSED     ; Untyped                                             ;
; LPM_SVALUE             ; UNUSED     ; Untyped                                             ;
; LPM_FFTYPE             ; DFF        ; Untyped                                             ;
; DEVICE_FAMILY          ; Stratix II ; Untyped                                             ;
; CBXI_PARAMETER         ; NOTHING    ; Untyped                                             ;
; AUTO_CARRY_CHAINS      ; ON         ; AUTO_CARRY                                          ;
; IGNORE_CARRY_BUFFERS   ; OFF        ; IGNORE_CARRY                                        ;
; AUTO_CASCADE_CHAINS    ; ON         ; AUTO_CASCADE                                        ;
; IGNORE_CASCADE_BUFFERS ; OFF        ; IGNORE_CASCADE                                      ;
+------------------------+------------+-----------------------------------------------------+
Note: In order to hide this table in the UI and the text report file, please set the "Show Parameter Settings Tables in Synthesis Report" option in "Analysis and Synthesis Settings -> More Settings" to "Off".


+--------------------------------------------------------------------------------------------------+
; Parameter Settings for User Entity Instance: lpm_bustri_8:inst17|lpm_bustri:lpm_bustri_component ;
+----------------+-------+-------------------------------------------------------------------------+
; Parameter Name ; Value ; Type                                                                    ;
+----------------+-------+-------------------------------------------------------------------------+
; LPM_WIDTH      ; 8     ; Signed Integer                                                          ;
+----------------+-------+-------------------------------------------------------------------------+
Note: In order to hide this table in the UI and the text report file, please set the "Show Parameter Settings Tables in Synthesis Report" option in "Analysis and Synthesis Settings -> More Settings" to "Off".


+--------------------------------------------------------------------------------------------------+
; Parameter Settings for User Entity Instance: Stack_decoder:inst8|lpm_decode:lpm_decode_component ;
+------------------------+------------+------------------------------------------------------------+
; Parameter Name         ; Value      ; Type                                                       ;
+------------------------+------------+------------------------------------------------------------+
; LPM_WIDTH              ; 3          ; Signed Integer                                             ;
; LPM_DECODES            ; 8          ; Signed Integer                                             ;
; LPM_PIPELINE           ; 0          ; Untyped                                                    ;
; CASCADE_CHAIN          ; MANUAL     ; Untyped                                                    ;
; DEVICE_FAMILY          ; Stratix II ; Untyped                                                    ;
; CBXI_PARAMETER         ; decode_u7f ; Untyped                                                    ;
; AUTO_CARRY_CHAINS      ; ON         ; AUTO_CARRY                                                 ;
; IGNORE_CARRY_BUFFERS   ; OFF        ; IGNORE_CARRY                                               ;
; AUTO_CASCADE_CHAINS    ; ON         ; AUTO_CASCADE                                               ;
; IGNORE_CASCADE_BUFFERS ; OFF        ; IGNORE_CASCADE                                             ;
+------------------------+------------+------------------------------------------------------------+
Note: In order to hide this table in the UI and the text report file, please set the "Show Parameter Settings Tables in Synthesis Report" option in "Analysis and Synthesis Settings -> More Settings" to "Off".


+-----------------------------------------------------------------------------------------+
; Parameter Settings for User Entity Instance: SP:inst7|lpm_counter:lpm_counter_component ;
+------------------------+------------+---------------------------------------------------+
; Parameter Name         ; Value      ; Type                                              ;
+------------------------+------------+---------------------------------------------------+
; AUTO_CARRY_CHAINS      ; ON         ; AUTO_CARRY                                        ;
; IGNORE_CARRY_BUFFERS   ; OFF        ; IGNORE_CARRY                                      ;
; AUTO_CASCADE_CHAINS    ; ON         ; AUTO_CASCADE                                      ;
; IGNORE_CASCADE_BUFFERS ; OFF        ; IGNORE_CASCADE                                    ;
; LPM_WIDTH              ; 3          ; Signed Integer                                    ;
; LPM_DIRECTION          ; DEFAULT    ; Untyped                                           ;
; LPM_MODULUS            ; 0          ; Untyped                                           ;
; LPM_AVALUE             ; UNUSED     ; Untyped                                           ;
; LPM_SVALUE             ; UNUSED     ; Untyped                                           ;
; LPM_PORT_UPDOWN        ; PORT_USED  ; Untyped                                           ;
; DEVICE_FAMILY          ; Stratix II ; Untyped                                           ;
; CARRY_CHAIN            ; MANUAL     ; Untyped                                           ;
; CARRY_CHAIN_LENGTH     ; 48         ; CARRY_CHAIN_LENGTH                                ;
; NOT_GATE_PUSH_BACK     ; ON         ; NOT_GATE_PUSH_BACK                                ;
; CARRY_CNT_EN           ; SMART      ; Untyped                                           ;
; LABWIDE_SCLR           ; ON         ; Untyped                                           ;
; USE_NEW_VERSION        ; TRUE       ; Untyped                                           ;
; CBXI_PARAMETER         ; cntr_vbh   ; Untyped                                           ;
+------------------------+------------+---------------------------------------------------+
Note: In order to hide this table in the UI and the text report file, please set the "Show Parameter Settings Tables in Synthesis Report" option in "Analysis and Synthesis Settings -> More Settings" to "Off".


+------------------------------------------------------------------------------------------+
; Parameter Settings for User Entity Instance: updown_mux:inst13|LPM_MUX:lpm_mux_component ;
+------------------------+------------+----------------------------------------------------+
; Parameter Name         ; Value      ; Type                                               ;
+------------------------+------------+----------------------------------------------------+
; AUTO_CARRY_CHAINS      ; ON         ; AUTO_CARRY                                         ;
; IGNORE_CARRY_BUFFERS   ; OFF        ; IGNORE_CARRY                                       ;
; AUTO_CASCADE_CHAINS    ; ON         ; AUTO_CASCADE                                       ;
; IGNORE_CASCADE_BUFFERS ; OFF        ; IGNORE_CASCADE                                     ;
; LPM_WIDTH              ; 1          ; Signed Integer                                     ;
; LPM_SIZE               ; 3          ; Signed Integer                                     ;
; LPM_WIDTHS             ; 2          ; Signed Integer                                     ;
; LPM_PIPELINE           ; 0          ; Signed Integer                                     ;
; CBXI_PARAMETER         ; mux_44e    ; Untyped                                            ;
; DEVICE_FAMILY          ; Stratix II ; Untyped                                            ;
+------------------------+------------+----------------------------------------------------+
Note: In order to hide this table in the UI and the text report file, please set the "Show Parameter Settings Tables in Synthesis Report" option in "Analysis and Synthesis Settings -> More Settings" to "Off".


+----------------------------------------------------------------------------------------------------+
; Parameter Settings for User Entity Instance: init_const:inst11|lpm_constant:lpm_constant_component ;
+--------------------+------------------+------------------------------------------------------------+
; Parameter Name     ; Value            ; Type                                                       ;
+--------------------+------------------+------------------------------------------------------------+
; LPM_WIDTH          ; 3                ; Signed Integer                                             ;
; LPM_CVALUE         ; 7                ; Signed Integer                                             ;
; ENABLE_RUNTIME_MOD ; NO               ; Untyped                                                    ;
; CBXI_PARAMETER     ; lpm_constant_ce6 ; Untyped                                                    ;
+--------------------+------------------+------------------------------------------------------------+
Note: In order to hide this table in the UI and the text report file, please set the "Show Parameter Settings Tables in Synthesis Report" option in "Analysis and Synthesis Settings -> More Settings" to "Off".


+-------------------------------------------------------------------------------------------+
; Parameter Settings for User Entity Instance: Stack_register:inst5|lpm_ff:lpm_ff_component ;
+------------------------+------------+-----------------------------------------------------+
; Parameter Name         ; Value      ; Type                                                ;
+------------------------+------------+-----------------------------------------------------+
; LPM_WIDTH              ; 10         ; Signed Integer                                      ;
; LPM_AVALUE             ; UNUSED     ; Untyped                                             ;
; LPM_SVALUE             ; UNUSED     ; Untyped                                             ;
; LPM_FFTYPE             ; DFF        ; Untyped                                             ;
; DEVICE_FAMILY          ; Stratix II ; Untyped                                             ;
; CBXI_PARAMETER         ; NOTHING    ; Untyped                                             ;
; AUTO_CARRY_CHAINS      ; ON         ; AUTO_CARRY                                          ;
; IGNORE_CARRY_BUFFERS   ; OFF        ; IGNORE_CARRY                                        ;
; AUTO_CASCADE_CHAINS    ; ON         ; AUTO_CASCADE                                        ;
; IGNORE_CASCADE_BUFFERS ; OFF        ; IGNORE_CASCADE                                      ;
+------------------------+------------+-----------------------------------------------------+
Note: In order to hide this table in the UI and the text report file, please set the "Show Parameter Settings Tables in Synthesis Report" option in "Analysis and Synthesis Settings -> More Settings" to "Off".


+-------------------------------------------------------------------------------------------+
; Parameter Settings for User Entity Instance: Stack_register:inst4|lpm_ff:lpm_ff_component ;
+------------------------+------------+-----------------------------------------------------+
; Parameter Name         ; Value      ; Type                                                ;
+------------------------+------------+-----------------------------------------------------+
; LPM_WIDTH              ; 10         ; Signed Integer                                      ;
; LPM_AVALUE             ; UNUSED     ; Untyped                                             ;
; LPM_SVALUE             ; UNUSED     ; Untyped                                             ;
; LPM_FFTYPE             ; DFF        ; Untyped                                             ;
; DEVICE_FAMILY          ; Stratix II ; Untyped                                             ;
; CBXI_PARAMETER         ; NOTHING    ; Untyped                                             ;
; AUTO_CARRY_CHAINS      ; ON         ; AUTO_CARRY                                          ;
; IGNORE_CARRY_BUFFERS   ; OFF        ; IGNORE_CARRY                                        ;
; AUTO_CASCADE_CHAINS    ; ON         ; AUTO_CASCADE                                        ;
; IGNORE_CASCADE_BUFFERS ; OFF        ; IGNORE_CASCADE                                      ;
+------------------------+------------+-----------------------------------------------------+
Note: In order to hide this table in the UI and the text report file, please set the "Show Parameter Settings Tables in Synthesis Report" option in "Analysis and Synthesis Settings -> More Settings" to "Off".


+-------------------------------------------------------------------------------------------+
; Parameter Settings for User Entity Instance: Stack_register:inst3|lpm_ff:lpm_ff_component ;
+------------------------+------------+-----------------------------------------------------+
; Parameter Name         ; Value      ; Type                                                ;
+------------------------+------------+-----------------------------------------------------+
; LPM_WIDTH              ; 10         ; Signed Integer                                      ;
; LPM_AVALUE             ; UNUSED     ; Untyped                                             ;
; LPM_SVALUE             ; UNUSED     ; Untyped                                             ;
; LPM_FFTYPE             ; DFF        ; Untyped                                             ;
; DEVICE_FAMILY          ; Stratix II ; Untyped                                             ;
; CBXI_PARAMETER         ; NOTHING    ; Untyped                                             ;
; AUTO_CARRY_CHAINS      ; ON         ; AUTO_CARRY                                          ;
; IGNORE_CARRY_BUFFERS   ; OFF        ; IGNORE_CARRY                                        ;
; AUTO_CASCADE_CHAINS    ; ON         ; AUTO_CASCADE                                        ;
; IGNORE_CASCADE_BUFFERS ; OFF        ; IGNORE_CASCADE                                      ;
+------------------------+------------+-----------------------------------------------------+
Note: In order to hide this table in the UI and the text report file, please set the "Show Parameter Settings Tables in Synthesis Report" option in "Analysis and Synthesis Settings -> More Settings" to "Off".


+-------------------------------------------------------------------------------------------+
; Parameter Settings for User Entity Instance: Stack_register:inst2|lpm_ff:lpm_ff_component ;
+------------------------+------------+-----------------------------------------------------+
; Parameter Name         ; Value      ; Type                                                ;
+------------------------+------------+-----------------------------------------------------+
; LPM_WIDTH              ; 10         ; Signed Integer                                      ;
; LPM_AVALUE             ; UNUSED     ; Untyped                                             ;
; LPM_SVALUE             ; UNUSED     ; Untyped                                             ;
; LPM_FFTYPE             ; DFF        ; Untyped                                             ;
; DEVICE_FAMILY          ; Stratix II ; Untyped                                             ;
; CBXI_PARAMETER         ; NOTHING    ; Untyped                                             ;
; AUTO_CARRY_CHAINS      ; ON         ; AUTO_CARRY                                          ;
; IGNORE_CARRY_BUFFERS   ; OFF        ; IGNORE_CARRY                                        ;
; AUTO_CASCADE_CHAINS    ; ON         ; AUTO_CASCADE                                        ;
; IGNORE_CASCADE_BUFFERS ; OFF        ; IGNORE_CASCADE                                      ;
+------------------------+------------+-----------------------------------------------------+
Note: In order to hide this table in the UI and the text report file, please set the "Show Parameter Settings Tables in Synthesis Report" option in "Analysis and Synthesis Settings -> More Settings" to "Off".


+-------------------------------------------------------------------------------------------+
; Parameter Settings for User Entity Instance: Stack_register:inst1|lpm_ff:lpm_ff_component ;
+------------------------+------------+-----------------------------------------------------+
; Parameter Name         ; Value      ; Type                                                ;
+------------------------+------------+-----------------------------------------------------+
; LPM_WIDTH              ; 10         ; Signed Integer                                      ;
; LPM_AVALUE             ; UNUSED     ; Untyped                                             ;
; LPM_SVALUE             ; UNUSED     ; Untyped                                             ;
; LPM_FFTYPE             ; DFF        ; Untyped                                             ;
; DEVICE_FAMILY          ; Stratix II ; Untyped                                             ;
; CBXI_PARAMETER         ; NOTHING    ; Untyped                                             ;
; AUTO_CARRY_CHAINS      ; ON         ; AUTO_CARRY                                          ;
; IGNORE_CARRY_BUFFERS   ; OFF        ; IGNORE_CARRY                                        ;
; AUTO_CASCADE_CHAINS    ; ON         ; AUTO_CASCADE                                        ;
; IGNORE_CASCADE_BUFFERS ; OFF        ; IGNORE_CASCADE                                      ;
+------------------------+------------+-----------------------------------------------------+
Note: In order to hide this table in the UI and the text report file, please set the "Show Parameter Settings Tables in Synthesis Report" option in "Analysis and Synthesis Settings -> More Settings" to "Off".


+------------------------------------------------------------------------------------------+
; Parameter Settings for User Entity Instance: Stack_register:inst|lpm_ff:lpm_ff_component ;
+------------------------+------------+----------------------------------------------------+
; Parameter Name         ; Value      ; Type                                               ;
+------------------------+------------+----------------------------------------------------+
; LPM_WIDTH              ; 10         ; Signed Integer                                     ;
; LPM_AVALUE             ; UNUSED     ; Untyped                                            ;
; LPM_SVALUE             ; UNUSED     ; Untyped                                            ;
; LPM_FFTYPE             ; DFF        ; Untyped                                            ;
; DEVICE_FAMILY          ; Stratix II ; Untyped                                            ;
; CBXI_PARAMETER         ; NOTHING    ; Untyped                                            ;
; AUTO_CARRY_CHAINS      ; ON         ; AUTO_CARRY                                         ;
; IGNORE_CARRY_BUFFERS   ; OFF        ; IGNORE_CARRY                                       ;
; AUTO_CASCADE_CHAINS    ; ON         ; AUTO_CASCADE                                       ;
; IGNORE_CASCADE_BUFFERS ; OFF        ; IGNORE_CASCADE                                     ;
+------------------------+------------+----------------------------------------------------+
Note: In order to hide this table in the UI and the text report file, please set the "Show Parameter Settings Tables in Synthesis Report" option in "Analysis and Synthesis Settings -> More Settings" to "Off".


+----------------------------------------------------------------------------------------------+
; Parameter Settings for User Entity Instance: SP_POP:inst23|lpm_add_sub:lpm_add_sub_component ;
+------------------------+-------------+-------------------------------------------------------+
; Parameter Name         ; Value       ; Type                                                  ;
+------------------------+-------------+-------------------------------------------------------+
; LPM_WIDTH              ; 3           ; Signed Integer                                        ;
; LPM_REPRESENTATION     ; UNSIGNED    ; Untyped                                               ;
; LPM_DIRECTION          ; ADD         ; Untyped                                               ;
; ONE_INPUT_IS_CONSTANT  ; YES         ; Untyped                                               ;
; LPM_PIPELINE           ; 0           ; Untyped                                               ;
; MAXIMIZE_SPEED         ; 5           ; Untyped                                               ;
; REGISTERED_AT_END      ; 0           ; Untyped                                               ;
; OPTIMIZE_FOR_SPEED     ; 5           ; Untyped                                               ;
; USE_CS_BUFFERS         ; 1           ; Untyped                                               ;
; CARRY_CHAIN            ; MANUAL      ; Untyped                                               ;
; CARRY_CHAIN_LENGTH     ; 48          ; CARRY_CHAIN_LENGTH                                    ;
; DEVICE_FAMILY          ; Stratix II  ; Untyped                                               ;
; USE_WYS                ; OFF         ; Untyped                                               ;
; STYLE                  ; FAST        ; Untyped                                               ;
; CBXI_PARAMETER         ; add_sub_toh ; Untyped                                               ;
; AUTO_CARRY_CHAINS      ; ON          ; AUTO_CARRY                                            ;
; IGNORE_CARRY_BUFFERS   ; OFF         ; IGNORE_CARRY                                          ;
; AUTO_CASCADE_CHAINS    ; ON          ; AUTO_CASCADE                                          ;
; IGNORE_CASCADE_BUFFERS ; OFF         ; IGNORE_CASCADE                                        ;
+------------------------+-------------+-------------------------------------------------------+
Note: In order to hide this table in the UI and the text report file, please set the "Show Parameter Settings Tables in Synthesis Report" option in "Analysis and Synthesis Settings -> More Settings" to "Off".


+-------------------------------+
; Analysis & Synthesis Messages ;
+-------------------------------+
Info: *******************************************************************
Info: Running Quartus II Analysis & Synthesis
    Info: Version 9.1 Build 222 10/21/2009 SJ Web Edition
    Info: Processing started: Tue Apr 23 13:52:01 2019
Info: Command: quartus_map --read_settings_files=on --write_settings_files=off course -c course
Info: Found 1 design units, including 1 entities, in source file main.bdf
    Info: Found entity 1: main
Info: Found 1 design units, including 1 entities, in source file cpu.bdf
    Info: Found entity 1: CPU
Info: Found 1 design units, including 1 entities, in source file alu.bdf
    Info: Found entity 1: ALU
Info: Found 1 design units, including 1 entities, in source file stack.bdf
    Info: Found entity 1: Stack
Info: Found 1 design units, including 1 entities, in source file memory.bdf
    Info: Found entity 1: memory
Info: Found 1 design units, including 1 entities, in source file id.bdf
    Info: Found entity 1: ID
Info: Found 1 design units, including 1 entities, in source file ron.bdf
    Info: Found entity 1: RON
Info: Found 2 design units, including 1 entities, in source file rom.vhd
    Info: Found design unit 1: rom-SYN
    Info: Found entity 1: ROM
Info: Found 2 design units, including 1 entities, in source file ram_dq.vhd
    Info: Found design unit 1: ram_dq-SYN
    Info: Found entity 1: RAM_dq
Info: Found 2 design units, including 1 entities, in source file lpm_bustri_13.vhd
    Info: Found design unit 1: lpm_bustri_13-SYN
    Info: Found entity 1: lpm_bustri_13
Info: Found 2 design units, including 1 entities, in source file lpm_bustri_10.vhd
    Info: Found design unit 1: lpm_bustri_10-SYN
    Info: Found entity 1: lpm_bustri_10
Info: Found 2 design units, including 1 entities, in source file word_of_command.vhd
    Info: Found design unit 1: word_of_command-SYN
    Info: Found entity 1: word_of_command
Info: Found 2 design units, including 1 entities, in source file ip.vhd
    Info: Found design unit 1: ip-SYN
    Info: Found entity 1: IP
Info: Found 2 design units, including 1 entities, in source file reg_num_decode.vhd
    Info: Found design unit 1: reg_num_decode-SYN
    Info: Found entity 1: reg_num_decode
Info: Found 2 design units, including 1 entities, in source file processor_register.vhd
    Info: Found design unit 1: processor_register-SYN
    Info: Found entity 1: processor_register
Info: Found 2 design units, including 1 entities, in source file main_counter.vhd
    Info: Found design unit 1: main_counter-SYN
    Info: Found entity 1: main_counter
Info: Found 2 design units, including 1 entities, in source file main_decoder.vhd
    Info: Found design unit 1: main_decoder-SYN
    Info: Found entity 1: main_decoder
Info: Found 2 design units, including 1 entities, in source file result_address_register.vhd
    Info: Found design unit 1: result_address_register-SYN
    Info: Found entity 1: result_address_register
Info: Found 2 design units, including 1 entities, in source file lpm_bustri_14.vhd
    Info: Found design unit 1: lpm_bustri_14-SYN
    Info: Found entity 1: lpm_bustri_14
Info: Found 2 design units, including 1 entities, in source file op_decoder.vhd
    Info: Found design unit 1: op_decoder-SYN
    Info: Found entity 1: OP_decoder
Info: Found 2 design units, including 1 entities, in source file register_mux.vhd
    Info: Found design unit 1: register_mux-SYN
    Info: Found entity 1: register_mux
Info: Found 2 design units, including 1 entities, in source file lpm_bustri_4.vhd
    Info: Found design unit 1: lpm_bustri_4-SYN
    Info: Found entity 1: lpm_bustri_4
Info: Found 2 design units, including 1 entities, in source file summator_address.vhd
    Info: Found design unit 1: summator_address-SYN
    Info: Found entity 1: summator_address
Info: Found 2 design units, including 1 entities, in source file alu_op_decoder.vhd
    Info: Found design unit 1: alu_op_decoder-SYN
    Info: Found entity 1: ALU_OP_decoder
Info: Found 2 design units, including 1 entities, in source file decrement.vhd
    Info: Found design unit 1: decrement-SYN
    Info: Found entity 1: decrement
Info: Found 2 design units, including 1 entities, in source file tmp_register.vhd
    Info: Found design unit 1: tmp_register-SYN
    Info: Found entity 1: tmp_register
Info: Found 2 design units, including 1 entities, in source file bx_si_for_sum.vhd
    Info: Found design unit 1: bx_si_for_sum-SYN
    Info: Found entity 1: BX_SI_for_sum
Info: Found 2 design units, including 1 entities, in source file operand_alu.vhd
    Info: Found design unit 1: operand_alu-SYN
    Info: Found entity 1: operand_ALU
Info: Found 2 design units, including 1 entities, in source file ror_mux.vhd
    Info: Found design unit 1: ror_mux-SYN
    Info: Found entity 1: ROR_MUX
Info: Found 2 design units, including 1 entities, in source file stack_register.vhd
    Info: Found design unit 1: stack_register-SYN
    Info: Found entity 1: Stack_register
Info: Found 2 design units, including 1 entities, in source file sp.vhd
    Info: Found design unit 1: sp-SYN
    Info: Found entity 1: SP
Info: Found 2 design units, including 1 entities, in source file stack_decoder.vhd
    Info: Found design unit 1: stack_decoder-SYN
    Info: Found entity 1: Stack_decoder
Info: Found 2 design units, including 1 entities, in source file init_const.vhd
    Info: Found design unit 1: init_const-SYN
    Info: Found entity 1: init_const
Info: Found 2 design units, including 1 entities, in source file lpm_bustri_1.vhd
    Info: Found design unit 1: lpm_bustri_1-SYN
    Info: Found entity 1: lpm_bustri_1
Info: Found 2 design units, including 1 entities, in source file updown_mux.vhd
    Info: Found design unit 1: updown_mux-SYN
    Info: Found entity 1: updown_mux
Info: Found 2 design units, including 1 entities, in source file lpm_bustri_8.vhd
    Info: Found design unit 1: lpm_bustri_8-SYN
    Info: Found entity 1: lpm_bustri_8
Info: Found 2 design units, including 1 entities, in source file stack_mux.vhd
    Info: Found design unit 1: stack_mux-SYN
    Info: Found entity 1: stack_mux
Info: Found 2 design units, including 1 entities, in source file sp_pop.vhd
    Info: Found design unit 1: sp_pop-SYN
    Info: Found entity 1: SP_POP
Info: Elaborating entity "Stack" for the top level hierarchy
Info: Elaborating entity "lpm_bustri_10" for hierarchy "lpm_bustri_10:inst21"
Info: Elaborating entity "lpm_bustri" for hierarchy "lpm_bustri_10:inst21|lpm_bustri:lpm_bustri_component"
Info: Elaborated megafunction instantiation "lpm_bustri_10:inst21|lpm_bustri:lpm_bustri_component"
Info: Instantiated megafunction "lpm_bustri_10:inst21|lpm_bustri:lpm_bustri_component" with the following parameter:
    Info: Parameter "lpm_type" = "LPM_BUSTRI"
    Info: Parameter "lpm_width" = "10"
Info: Elaborating entity "stack_mux" for hierarchy "stack_mux:inst18"
Info: Elaborating entity "LPM_MUX" for hierarchy "stack_mux:inst18|LPM_MUX:lpm_mux_component"
Info: Elaborated megafunction instantiation "stack_mux:inst18|LPM_MUX:lpm_mux_component"
Info: Instantiated megafunction "stack_mux:inst18|LPM_MUX:lpm_mux_component" with the following parameter:
    Info: Parameter "LPM_WIDTH" = "10"
    Info: Parameter "LPM_SIZE" = "7"
    Info: Parameter "LPM_WIDTHS" = "3"
    Info: Parameter "LPM_PIPELINE" = "0"
    Info: Parameter "LPM_TYPE" = "LPM_MUX"
    Info: Parameter "LPM_HINT" = "UNUSED"
Info: Found 1 design units, including 1 entities, in source file db/mux_p5e.tdf
    Info: Found entity 1: mux_p5e
Info: Elaborating entity "mux_p5e" for hierarchy "stack_mux:inst18|LPM_MUX:lpm_mux_component|mux_p5e:auto_generated"
Info: Elaborating entity "Stack_register" for hierarchy "Stack_register:inst6"
Info: Elaborating entity "lpm_ff" for hierarchy "Stack_register:inst6|lpm_ff:lpm_ff_component"
Info: Elaborated megafunction instantiation "Stack_register:inst6|lpm_ff:lpm_ff_component"
Info: Instantiated megafunction "Stack_register:inst6|lpm_ff:lpm_ff_component" with the following parameter:
    Info: Parameter "lpm_fftype" = "DFF"
    Info: Parameter "lpm_type" = "LPM_FF"
    Info: Parameter "lpm_width" = "10"
Info: Elaborating entity "lpm_bustri_8" for hierarchy "lpm_bustri_8:inst17"
Info: Elaborating entity "lpm_bustri" for hierarchy "lpm_bustri_8:inst17|lpm_bustri:lpm_bustri_component"
Info: Elaborated megafunction instantiation "lpm_bustri_8:inst17|lpm_bustri:lpm_bustri_component"
Info: Instantiated megafunction "lpm_bustri_8:inst17|lpm_bustri:lpm_bustri_component" with the following parameter:
    Info: Parameter "lpm_type" = "LPM_BUSTRI"
    Info: Parameter "lpm_width" = "8"
Info: Elaborating entity "Stack_decoder" for hierarchy "Stack_decoder:inst8"
Info: Elaborating entity "lpm_decode" for hierarchy "Stack_decoder:inst8|lpm_decode:lpm_decode_component"
Info: Elaborated megafunction instantiation "Stack_decoder:inst8|lpm_decode:lpm_decode_component"
Info: Instantiated megafunction "Stack_decoder:inst8|lpm_decode:lpm_decode_component" with the following parameter:
    Info: Parameter "lpm_decodes" = "8"
    Info: Parameter "lpm_type" = "LPM_DECODE"
    Info: Parameter "lpm_width" = "3"
Info: Found 1 design units, including 1 entities, in source file db/decode_u7f.tdf
    Info: Found entity 1: decode_u7f
Info: Elaborating entity "decode_u7f" for hierarchy "Stack_decoder:inst8|lpm_decode:lpm_decode_component|decode_u7f:auto_generated"
Info: Elaborating entity "SP" for hierarchy "SP:inst7"
Info: Elaborating entity "lpm_counter" for hierarchy "SP:inst7|lpm_counter:lpm_counter_component"
Info: Elaborated megafunction instantiation "SP:inst7|lpm_counter:lpm_counter_component"
Info: Instantiated megafunction "SP:inst7|lpm_counter:lpm_counter_component" with the following parameter:
    Info: Parameter "lpm_direction" = "UNUSED"
    Info: Parameter "lpm_port_updown" = "PORT_USED"
    Info: Parameter "lpm_type" = "LPM_COUNTER"
    Info: Parameter "lpm_width" = "3"
Info: Found 1 design units, including 1 entities, in source file db/cntr_vbh.tdf
    Info: Found entity 1: cntr_vbh
Info: Elaborating entity "cntr_vbh" for hierarchy "SP:inst7|lpm_counter:lpm_counter_component|cntr_vbh:auto_generated"
Info: Elaborating entity "updown_mux" for hierarchy "updown_mux:inst13"
Info: Elaborating entity "LPM_MUX" for hierarchy "updown_mux:inst13|LPM_MUX:lpm_mux_component"
Info: Elaborated megafunction instantiation "updown_mux:inst13|LPM_MUX:lpm_mux_component"
Info: Instantiated megafunction "updown_mux:inst13|LPM_MUX:lpm_mux_component" with the following parameter:
    Info: Parameter "LPM_WIDTH" = "1"
    Info: Parameter "LPM_SIZE" = "3"
    Info: Parameter "LPM_WIDTHS" = "2"
    Info: Parameter "LPM_PIPELINE" = "0"
    Info: Parameter "LPM_TYPE" = "LPM_MUX"
    Info: Parameter "LPM_HINT" = "UNUSED"
Info: Found 1 design units, including 1 entities, in source file db/mux_44e.tdf
    Info: Found entity 1: mux_44e
Info: Elaborating entity "mux_44e" for hierarchy "updown_mux:inst13|LPM_MUX:lpm_mux_component|mux_44e:auto_generated"
Info: Elaborating entity "init_const" for hierarchy "init_const:inst11"
Info: Elaborating entity "lpm_constant" for hierarchy "init_const:inst11|lpm_constant:lpm_constant_component"
Info: Elaborated megafunction instantiation "init_const:inst11|lpm_constant:lpm_constant_component"
Info: Instantiated megafunction "init_const:inst11|lpm_constant:lpm_constant_component" with the following parameter:
    Info: Parameter "lpm_cvalue" = "7"
    Info: Parameter "lpm_hint" = "ENABLE_RUNTIME_MOD=NO"
    Info: Parameter "lpm_type" = "LPM_CONSTANT"
    Info: Parameter "lpm_width" = "3"
Info: Elaborating entity "SP_POP" for hierarchy "SP_POP:inst23"
Info: Elaborating entity "lpm_add_sub" for hierarchy "SP_POP:inst23|lpm_add_sub:lpm_add_sub_component"
Info: Elaborated megafunction instantiation "SP_POP:inst23|lpm_add_sub:lpm_add_sub_component"
Info: Instantiated megafunction "SP_POP:inst23|lpm_add_sub:lpm_add_sub_component" with the following parameter:
    Info: Parameter "lpm_direction" = "ADD"
    Info: Parameter "lpm_hint" = "ONE_INPUT_IS_CONSTANT=YES,CIN_USED=NO"
    Info: Parameter "lpm_representation" = "UNSIGNED"
    Info: Parameter "lpm_type" = "LPM_ADD_SUB"
    Info: Parameter "lpm_width" = "3"
Info: Found 1 design units, including 1 entities, in source file db/add_sub_toh.tdf
    Info: Found entity 1: add_sub_toh
Info: Elaborating entity "add_sub_toh" for hierarchy "SP_POP:inst23|lpm_add_sub:lpm_add_sub_component|add_sub_toh:auto_generated"
Warning: Tri-state node(s) do not directly drive top-level pin(s)
    Warning: Converted tri-state node feeding "Stack_register:inst|lpm_ff:lpm_ff_component|dffs[9]" into a selector
    Warning: Converted tri-state node feeding "Stack_register:inst1|lpm_ff:lpm_ff_component|dffs[9]" into a selector
    Warning: Converted tri-state node feeding "Stack_register:inst2|lpm_ff:lpm_ff_component|dffs[9]" into a selector
    Warning: Converted tri-state node feeding "Stack_register:inst3|lpm_ff:lpm_ff_component|dffs[9]" into a selector
    Warning: Converted tri-state node feeding "Stack_register:inst4|lpm_ff:lpm_ff_component|dffs[9]" into a selector
    Warning: Converted tri-state node feeding "Stack_register:inst5|lpm_ff:lpm_ff_component|dffs[9]" into a selector
    Warning: Converted tri-state node feeding "Stack_register:inst6|lpm_ff:lpm_ff_component|dffs[9]" into a selector
Info: Implemented 179 device resources after synthesis - the final resource count might be different
    Info: Implemented 13 input pins
    Info: Implemented 56 output pins
    Info: Implemented 110 logic cells
Info: Quartus II Analysis & Synthesis was successful. 0 errors, 8 warnings
    Info: Peak virtual memory: 244 megabytes
    Info: Processing ended: Tue Apr 23 13:52:03 2019
    Info: Elapsed time: 00:00:02
    Info: Total CPU time (on all processors): 00:00:04


