Flow report for course
Tue Apr 23 13:52:11 2019
Quartus II Version 9.1 Build 222 10/21/2009 SJ Web Edition


---------------------
; Table of Contents ;
---------------------
  1. Legal Notice
  2. Flow Summary
  3. Flow Settings
  4. Flow Non-Default Global Settings
  5. Flow Elapsed Time
  6. Flow OS Summary
  7. Flow Log



----------------
; Legal Notice ;
----------------
Copyright (C) 1991-2009 Altera Corporation
Your use of Altera Corporation's design tools, logic functions 
and other software and tools, and its AMPP partner logic 
functions, and any output files from any of the foregoing 
(including device programming or simulation files), and any 
associated documentation or information are expressly subject 
to the terms and conditions of the Altera Program License 
Subscription Agreement, Altera MegaCore Function License 
Agreement, or other applicable license agreement, including, 
without limitation, that your use is for the sole purpose of 
programming logic devices manufactured by Altera and sold by 
Altera or its authorized distributors.  Please refer to the 
applicable agreement for further details.



+-------------------------------------------------------------------------+
; Flow Summary                                                            ;
+-------------------------------+-----------------------------------------+
; Flow Status                   ; Successful - Tue Apr 23 13:52:11 2019   ;
; Quartus II Version            ; 9.1 Build 222 10/21/2009 SJ Web Edition ;
; Revision Name                 ; course                                  ;
; Top-level Entity Name         ; Stack                                   ;
; Family                        ; Stratix II                              ;
; Met timing requirements       ; Yes                                     ;
; Logic utilization             ; < 1 %                                   ;
;     Combinational ALUTs       ; 40 / 12,480 ( < 1 % )                   ;
;     Dedicated logic registers ; 73 / 12,480 ( < 1 % )                   ;
; Total registers               ; 73                                      ;
; Total pins                    ; 69 / 343 ( 20 % )                       ;
; Total virtual pins            ; 0                                       ;
; Total block memory bits       ; 0 / 419,328 ( 0 % )                     ;
; DSP block 9-bit elements      ; 0 / 96 ( 0 % )                          ;
; Total PLLs                    ; 0 / 6 ( 0 % )                           ;
; Total DLLs                    ; 0 / 2 ( 0 % )                           ;
; Device                        ; EP2S15F484C3                            ;
; Timing Models                 ; Final                                   ;
+-------------------------------+-----------------------------------------+


+-----------------------------------------+
; Flow Settings                           ;
+-------------------+---------------------+
; Option            ; Setting             ;
+-------------------+---------------------+
; Start date & time ; 04/23/2019 13:52:01 ;
; Main task         ; Compilation         ;
; Revision Name     ; course              ;
+-------------------+---------------------+


+-------------------------------------------------------------------------------------------------------------------+
; Flow Non-Default Global Settings                                                                                  ;
+------------------------------------+-------------------------------+---------------+-------------+----------------+
; Assignment Name                    ; Value                         ; Default Value ; Entity Name ; Section Id     ;
+------------------------------------+-------------------------------+---------------+-------------+----------------+
; COMPILER_SIGNATURE_ID              ; 1096521601510.155601672107536 ; --            ; --          ; --             ;
; IP_TOOL_NAME                       ; LPM_ROM                       ; --            ; --          ; --             ;
; IP_TOOL_NAME                       ; LPM_RAM_DQ                    ; --            ; --          ; --             ;
; IP_TOOL_NAME                       ; LPM_BUSTRI                    ; --            ; --          ; --             ;
; IP_TOOL_NAME                       ; LPM_BUSTRI                    ; --            ; --          ; --             ;
; IP_TOOL_NAME                       ; LPM_FF                        ; --            ; --          ; --             ;
; IP_TOOL_NAME                       ; LPM_COUNTER                   ; --            ; --          ; --             ;
; IP_TOOL_NAME                       ; LPM_DECODE                    ; --            ; --          ; --             ;
; IP_TOOL_NAME                       ; LPM_FF                        ; --            ; --          ; --             ;
; IP_TOOL_NAME                       ; LPM_COUNTER                   ; --            ; --          ; --             ;
; IP_TOOL_NAME                       ; LPM_DECODE                    ; --            ; --          ; --             ;
; IP_TOOL_NAME                       ; LPM_FF                        ; --            ; --          ; --             ;
; IP_TOOL_NAME                       ; LPM_BUSTRI                    ; --            ; --          ; --             ;
; IP_TOOL_NAME                       ; LPM_DECODE                    ; --            ; --          ; --             ;
; IP_TOOL_NAME                       ; LPM_MUX                       ; --            ; --          ; --             ;
; IP_TOOL_NAME                       ; LPM_BUSTRI                    ; --            ; --          ; --             ;
; IP_TOOL_NAME                       ; LPM_ADD_SUB                   ; --            ; --          ; --             ;
; IP_TOOL_NAME                       ; LPM_DECODE                    ; --            ; --          ; --             ;
; IP_TOOL_NAME                       ; LPM_ADD_SUB                   ; --            ; --          ; --             ;
; IP_TOOL_NAME                       ; LPM_FF                        ; --            ; --          ; --             ;
; IP_TOOL_NAME                       ; LPM_FF                        ; --            ; --          ; --             ;
; IP_TOOL_NAME                       ; LPM_FF                        ; --            ; --          ; --             ;
; IP_TOOL_NAME                       ; LPM_MUX                       ; --            ; --          ; --             ;
; IP_TOOL_NAME                       ; LPM_FF                        ; --            ; --          ; --             ;
; IP_TOOL_NAME                       ; LPM_COUNTER                   ; --            ; --          ; --             ;
; IP_TOOL_NAME                       ; LPM_DECODE                    ; --            ; --          ; --             ;
; IP_TOOL_NAME                       ; LPM_CONSTANT                  ; --            ; --          ; --             ;
; IP_TOOL_NAME                       ; LPM_BUSTRI                    ; --            ; --          ; --             ;
; IP_TOOL_NAME                       ; LPM_MUX                       ; --            ; --          ; --             ;
; IP_TOOL_NAME                       ; LPM_BUSTRI                    ; --            ; --          ; --             ;
; IP_TOOL_NAME                       ; LPM_MUX                       ; --            ; --          ; --             ;
; IP_TOOL_NAME                       ; LPM_ADD_SUB                   ; --            ; --          ; --             ;
; IP_TOOL_VERSION                    ; 9.1                           ; --            ; --          ; --             ;
; IP_TOOL_VERSION                    ; 9.1                           ; --            ; --          ; --             ;
; IP_TOOL_VERSION                    ; 9.1                           ; --            ; --          ; --             ;
; IP_TOOL_VERSION                    ; 9.1                           ; --            ; --          ; --             ;
; IP_TOOL_VERSION                    ; 9.1                           ; --            ; --          ; --             ;
; IP_TOOL_VERSION                    ; 9.1                           ; --            ; --          ; --             ;
; IP_TOOL_VERSION                    ; 9.1                           ; --            ; --          ; --             ;
; IP_TOOL_VERSION                    ; 9.1                           ; --            ; --          ; --             ;
; IP_TOOL_VERSION                    ; 9.1                           ; --            ; --          ; --             ;
; IP_TOOL_VERSION                    ; 9.1                           ; --            ; --          ; --             ;
; IP_TOOL_VERSION                    ; 9.1                           ; --            ; --          ; --             ;
; IP_TOOL_VERSION                    ; 9.1                           ; --            ; --          ; --             ;
; IP_TOOL_VERSION                    ; 9.1                           ; --            ; --          ; --             ;
; IP_TOOL_VERSION                    ; 9.1                           ; --            ; --          ; --             ;
; IP_TOOL_VERSION                    ; 9.1                           ; --            ; --          ; --             ;
; IP_TOOL_VERSION                    ; 9.1                           ; --            ; --          ; --             ;
; IP_TOOL_VERSION                    ; 9.1                           ; --            ; --          ; --             ;
; IP_TOOL_VERSION                    ; 9.1                           ; --            ; --          ; --             ;
; IP_TOOL_VERSION                    ; 9.1                           ; --            ; --          ; --             ;
; IP_TOOL_VERSION                    ; 9.1                           ; --            ; --          ; --             ;
; IP_TOOL_VERSION                    ; 9.1                           ; --            ; --          ; --             ;
; IP_TOOL_VERSION                    ; 9.1                           ; --            ; --          ; --             ;
; IP_TOOL_VERSION                    ; 9.1                           ; --            ; --          ; --             ;
; IP_TOOL_VERSION                    ; 9.1                           ; --            ; --          ; --             ;
; IP_TOOL_VERSION                    ; 9.1                           ; --            ; --          ; --             ;
; IP_TOOL_VERSION                    ; 9.1                           ; --            ; --          ; --             ;
; IP_TOOL_VERSION                    ; 9.1                           ; --            ; --          ; --             ;
; IP_TOOL_VERSION                    ; 9.1                           ; --            ; --          ; --             ;
; IP_TOOL_VERSION                    ; 9.1                           ; --            ; --          ; --             ;
; IP_TOOL_VERSION                    ; 9.1                           ; --            ; --          ; --             ;
; IP_TOOL_VERSION                    ; 9.1                           ; --            ; --          ; --             ;
; MISC_FILE                          ; ROM.bsf                       ; --            ; --          ; --             ;
; MISC_FILE                          ; ROM.inc                       ; --            ; --          ; --             ;
; MISC_FILE                          ; RAM_dq.bsf                    ; --            ; --          ; --             ;
; MISC_FILE                          ; RAM_dq.inc                    ; --            ; --          ; --             ;
; MISC_FILE                          ; lpm_bustri_13.bsf             ; --            ; --          ; --             ;
; MISC_FILE                          ; lpm_bustri_13.inc             ; --            ; --          ; --             ;
; MISC_FILE                          ; lpm_bustri_10.bsf             ; --            ; --          ; --             ;
; MISC_FILE                          ; lpm_bustri_10.inc             ; --            ; --          ; --             ;
; MISC_FILE                          ; word_of_command.bsf           ; --            ; --          ; --             ;
; MISC_FILE                          ; word_of_command.inc           ; --            ; --          ; --             ;
; MISC_FILE                          ; IP.bsf                        ; --            ; --          ; --             ;
; MISC_FILE                          ; IP.inc                        ; --            ; --          ; --             ;
; MISC_FILE                          ; reg_num_decode.bsf            ; --            ; --          ; --             ;
; MISC_FILE                          ; reg_num_decode.inc            ; --            ; --          ; --             ;
; MISC_FILE                          ; processor_register.bsf        ; --            ; --          ; --             ;
; MISC_FILE                          ; processor_register.inc        ; --            ; --          ; --             ;
; MISC_FILE                          ; main_counter.bsf              ; --            ; --          ; --             ;
; MISC_FILE                          ; main_counter.inc              ; --            ; --          ; --             ;
; MISC_FILE                          ; main_decoder.bsf              ; --            ; --          ; --             ;
; MISC_FILE                          ; main_decoder.inc              ; --            ; --          ; --             ;
; MISC_FILE                          ; result_address_register.bsf   ; --            ; --          ; --             ;
; MISC_FILE                          ; result_address_register.inc   ; --            ; --          ; --             ;
; MISC_FILE                          ; lpm_bustri_14.bsf             ; --            ; --          ; --             ;
; MISC_FILE                          ; lpm_bustri_14.inc             ; --            ; --          ; --             ;
; MISC_FILE                          ; OP_decoder.bsf                ; --            ; --          ; --             ;
; MISC_FILE                          ; OP_decoder.inc                ; --            ; --          ; --             ;
; MISC_FILE                          ; register_mux.bsf              ; --            ; --          ; --             ;
; MISC_FILE                          ; register_mux.inc              ; --            ; --          ; --             ;
; MISC_FILE                          ; lpm_bustri_4.bsf              ; --            ; --          ; --             ;
; MISC_FILE                          ; lpm_bustri_4.inc              ; --            ; --          ; --             ;
; MISC_FILE                          ; summator_address.bsf          ; --            ; --          ; --             ;
; MISC_FILE                          ; summator_address.inc          ; --            ; --          ; --             ;
; MISC_FILE                          ; ALU_OP_decoder.bsf            ; --            ; --          ; --             ;
; MISC_FILE                          ; ALU_OP_decoder.inc            ; --            ; --          ; --             ;
; MISC_FILE                          ; decrement.bsf                 ; --            ; --          ; --             ;
; MISC_FILE                          ; decrement.inc                 ; --            ; --          ; --             ;
; MISC_FILE                          ; tmp_register.bsf              ; --            ; --          ; --             ;
; MISC_FILE                          ; tmp_register.inc              ; --            ; --          ; --             ;
; MISC_FILE                          ; BX_SI_for_sum.bsf             ; --            ; --          ; --             ;
; MISC_FILE                          ; BX_SI_for_sum.inc             ; --            ; --          ; --             ;
; MISC_FILE                          ; operand_ALU.bsf               ; --            ; --          ; --             ;
; MISC_FILE                          ; operand_ALU.inc               ; --            ; --          ; --             ;
; MISC_FILE                          ; ROR_MUX.bsf                   ; --            ; --          ; --             ;
; MISC_FILE                          ; ROR_MUX.inc                   ; --            ; --          ; --             ;
; MISC_FILE                          ; Stack_register.bsf            ; --            ; --          ; --             ;
; MISC_FILE                          ; Stack_register.inc            ; --            ; --          ; --             ;
; MISC_FILE                          ; SP.bsf                        ; --            ; --          ; --             ;
; MISC_FILE                          ; SP.inc                        ; --            ; --          ; --             ;
; MISC_FILE                          ; Stack_decoder.bsf             ; --            ; --          ; --             ;
; MISC_FILE                          ; Stack_decoder.inc             ; --            ; --          ; --             ;
; MISC_FILE                          ; init_const.bsf                ; --            ; --          ; --             ;
; MISC_FILE                          ; init_const.inc                ; --            ; --          ; --             ;
; MISC_FILE                          ; lpm_bustri_1.bsf              ; --            ; --          ; --             ;
; MISC_FILE                          ; lpm_bustri_1.inc              ; --            ; --          ; --             ;
; MISC_FILE                          ; updown_mux.bsf                ; --            ; --          ; --             ;
; MISC_FILE                          ; updown_mux.inc                ; --            ; --          ; --             ;
; MISC_FILE                          ; lpm_bustri_8.bsf              ; --            ; --          ; --             ;
; MISC_FILE                          ; lpm_bustri_8.inc              ; --            ; --          ; --             ;
; MISC_FILE                          ; stack_mux.bsf                 ; --            ; --          ; --             ;
; MISC_FILE                          ; stack_mux.inc                 ; --            ; --          ; --             ;
; MISC_FILE                          ; SP_POP.bsf                    ; --            ; --          ; --             ;
; MISC_FILE                          ; SP_POP.inc                    ; --            ; --          ; --             ;
; PARTITION_COLOR                    ; 16764057                      ; --            ; Stack       ; Top            ;
; PARTITION_NETLIST_TYPE             ; SOURCE                        ; --            ; Stack       ; Top            ;
; TOP_LEVEL_ENTITY                   ; Stack                         ; course        ; --          ; --             ;
; USE_GENERATED_PHYSICAL_CONSTRAINTS ; Off                           ; --            ; --          ; eda_blast_fpga ;
+------------------------------------+-------------------------------+---------------+-------------+----------------+


+-----------------------------------------------------------------------------------------------------------------------------+
; Flow Elapsed Time                                                                                                           ;
+-------------------------+--------------+-------------------------+---------------------+------------------------------------+
; Module Name             ; Elapsed Time ; Average Processors Used ; Peak Virtual Memory ; Total CPU Time (on all processors) ;
+-------------------------+--------------+-------------------------+---------------------+------------------------------------+
; Analysis & Synthesis    ; 00:00:02     ; 1.0                     ; 244 MB              ; 00:00:03                           ;
; Fitter                  ; 00:00:03     ; 1.0                     ; 266 MB              ; 00:00:04                           ;
; Assembler               ; 00:00:02     ; 1.0                     ; 237 MB              ; 00:00:01                           ;
; Classic Timing Analyzer ; 00:00:00     ; 1.0                     ; 167 MB              ; 00:00:00                           ;
; Total                   ; 00:00:07     ; --                      ; --                  ; 00:00:08                           ;
+-------------------------+--------------+-------------------------+---------------------+------------------------------------+


+------------------------------------------------------------------------------------------+
; Flow OS Summary                                                                          ;
+-------------------------+------------------+---------------+------------+----------------+
; Module Name             ; Machine Hostname ; OS Name       ; OS Version ; Processor type ;
+-------------------------+------------------+---------------+------------+----------------+
; Analysis & Synthesis    ; user             ; Windows Vista ; 6.2        ; x86_64         ;
; Fitter                  ; user             ; Windows Vista ; 6.2        ; x86_64         ;
; Assembler               ; user             ; Windows Vista ; 6.2        ; x86_64         ;
; Classic Timing Analyzer ; user             ; Windows Vista ; 6.2        ; x86_64         ;
+-------------------------+------------------+---------------+------------+----------------+


------------
; Flow Log ;
------------
quartus_map --read_settings_files=on --write_settings_files=off course -c course
quartus_fit --read_settings_files=off --write_settings_files=off course -c course
quartus_asm --read_settings_files=off --write_settings_files=off course -c course
quartus_tan --read_settings_files=off --write_settings_files=off course -c course --timing_analysis_only



